INFO: [VRFC 10-2263] Analyzing Verilog file "E:/CPU/CPU.srcs/sources_1/new/Select_32.v" into library xil_defaultlib
INFO: [VRFC 10-311] analyzing module Select_32
INFO: [VRFC 10-2263] Analyzing Verilog file "E:/CPU/CPU.srcs/sources_1/new/SegLED.v" into library xil_defaultlib
INFO: [VRFC 10-311] analyzing module SegLED
INFO: [VRFC 10-2263] Analyzing Verilog file "E:/CPU/CPU.srcs/sources_1/new/Select_5.v" into library xil_defaultlib
INFO: [VRFC 10-311] analyzing module Select_5
INFO: [VRFC 10-2263] Analyzing Verilog file "E:/CPU/CPU.srcs/sources_1/new/Register.v" into library xil_defaultlib
INFO: [VRFC 10-311] analyzing module RegisterFile
INFO: [VRFC 10-2263] Analyzing Verilog file "E:/CPU/CPU.srcs/sources_1/new/PC_Control.v" into library xil_defaultlib
INFO: [VRFC 10-311] analyzing module PC_Control
INFO: [VRFC 10-2263] Analyzing Verilog file "E:/CPU/CPU.srcs/sources_1/new/PC.v" into library xil_defaultlib
INFO: [VRFC 10-311] analyzing module PC
INFO: [VRFC 10-2263] Analyzing Verilog file "E:/CPU/CPU.srcs/sources_1/new/InsMEM.v" into library xil_defaultlib
INFO: [VRFC 10-311] analyzing module InsMEM
INFO: [VRFC 10-2263] Analyzing Verilog file "E:/CPU/CPU.srcs/sources_1/new/Extend.v" into library xil_defaultlib
INFO: [VRFC 10-311] analyzing module Extend
INFO: [VRFC 10-2263] Analyzing Verilog file "E:/CPU/CPU.srcs/sources_1/new/DataMEM.v" into library xil_defaultlib
INFO: [VRFC 10-311] analyzing module DataMEM
INFO: [VRFC 10-2263] Analyzing Verilog file "E:/CPU/CPU.srcs/sources_1/new/Control_unit.v" into library xil_defaultlib
INFO: [VRFC 10-311] analyzing module Control_unit
INFO: [VRFC 10-2263] Analyzing Verilog file "E:/CPU/CPU.srcs/sources_1/new/ALU.v" into library xil_defaultlib
INFO: [VRFC 10-311] analyzing module ALU
INFO: [VRFC 10-2263] Analyzing Verilog file "E:/CPU/CPU.srcs/sim_1/new/SIMUTEST.v" into library xil_defaultlib
INFO: [VRFC 10-311] analyzing module SIMUTEST
INFO: [VRFC 10-2263] Analyzing Verilog file "E:/CPU/CPU.sim/sim_1/behav/glbl.v" into library xil_defaultlib
INFO: [VRFC 10-311] analyzing module glbl
